<?xml version='1.1' encoding='UTF-8'?>
<result plugin="junit@1.48">
  <suites>
    <suite>
      <file>/home/jenkins/workspace/test-FirstMavenProject/server/target/surefire-reports/TEST-com.example.TestGreeter.xml</file>
      <name>com.example.TestGreeter</name>
      <duration>0.226</duration>
      <time>0.226</time>
      <enclosingBlocks/>
      <enclosingBlockNames/>
      <cases>
        <case>
          <duration>0.034</duration>
          <className>com.example.TestGreeter</className>
          <testName>greetShouldIncludeTheOneBeingGreeted</testName>
          <skipped>false</skipped>
          <failedSince>0</failedSince>
        </case>
        <case>
          <duration>0.012</duration>
          <className>com.example.TestGreeter</className>
          <testName>greetShouldIncludeGreetingPhrase</testName>
          <skipped>false</skipped>
          <failedSince>0</failedSince>
        </case>
      </cases>
    </suite>
  </suites>
  <duration>0.226</duration>
  <keepLongStdio>false</keepLongStdio>
</result>